# JRE version: OpenJDK Runtime Environment Corretto-17.0.5.8.1 (17.0.5+8) (build 17.0.5+8-LTS)
# Java VM: OpenJDK 64-Bit Server VM Corretto-17.0.5.8.1 (17.0.5+8-LTS, mixed mode, sharing, tiered, compressed oops, compressed class ptrs, g1 gc, bsd-amd64)
GC Precious Log:
 CPUs: 8 total, 8 available
 Memory: 8192M
 Large Page Support: Disabled
 NUMA Support: Disabled
 Compressed Oops: Enabled (Zero based)
 Heap Region Size: 1M
 Heap Min Capacity: 8M
 Heap Initial Capacity: 128M
 Heap Max Capacity: 2G
 Pre-touch: Disabled
 Parallel Workers: 8
 Concurrent Workers: 2
 Concurrent Refinement Workers: 8
 Periodic GC: Disabled
Heap:
 garbage-first heap   total 65536K, used 34122K [0x0000000780000000, 0x0000000800000000)
  region size 1024K, 23 young (23552K), 5 survivors (5120K)
 Metaspace       used 21595K, committed 21952K, reserved 1073152K
  class space    used 2756K, committed 2944K, reserved 1048576K
GC Heap History (12 events):
Event: 1.502 GC heap before
{Heap before GC invocations=0 (full 0):
 garbage-first heap   total 133120K, used 24532K [0x0000000780000000, 0x0000000800000000)
  region size 1024K, 23 young (23552K), 0 survivors (0K)
 Metaspace       used 6143K, committed 6400K, reserved 1056768K
  class space    used 577K, committed 704K, reserved 1048576K
}
Event: 1.506 GC heap after
{Heap after GC invocations=1 (full 0):
 garbage-first heap   total 133120K, used 4052K [0x0000000780000000, 0x0000000800000000)
  region size 1024K, 3 young (3072K), 3 survivors (3072K)
 Metaspace       used 6143K, committed 6400K, reserved 1056768K
  class space    used 577K, committed 704K, reserved 1048576K
}
Event: 3.231 GC heap before
{Heap before GC invocations=1 (full 0):
 garbage-first heap   total 133120K, used 45012K [0x0000000780000000, 0x0000000800000000)
  region size 1024K, 44 young (45056K), 3 survivors (3072K)
 Metaspace       used 15110K, committed 15360K, reserved 1064960K
  class space    used 2053K, committed 2176K, reserved 1048576K
}
Event: 3.239 GC heap after
{Heap after GC invocations=2 (full 0):
 garbage-first heap   total 133120K, used 8831K [0x0000000780000000, 0x0000000800000000)
  region size 1024K, 6 young (6144K), 6 survivors (6144K)
 Metaspace       used 15110K, committed 15360K, reserved 1064960K
  class space    used 2053K, committed 2176K, reserved 1048576K
}
Event: 6.584 GC heap before
{Heap before GC invocations=2 (full 0):
 garbage-first heap   total 133120K, used 69247K [0x0000000780000000, 0x0000000800000000)
  region size 1024K, 59 young (60416K), 6 survivors (6144K)
 Metaspace       used 20678K, committed 21056K, reserved 1073152K
  class space    used 2711K, committed 2880K, reserved 1048576K
}
Event: 6.596 GC heap after
{Heap after GC invocations=3 (full 0):
 garbage-first heap   total 133120K, used 16379K [0x0000000780000000, 0x0000000800000000)
  region size 1024K, 8 young (8192K), 8 survivors (8192K)
 Metaspace       used 20678K, committed 21056K, reserved 1073152K
  class space    used 2711K, committed 2880K, reserved 1048576K
}
Event: 8.911 GC heap before
{Heap before GC invocations=3 (full 0):
 garbage-first heap   total 133120K, used 86011K [0x0000000780000000, 0x0000000800000000)
  region size 1024K, 76 young (77824K), 8 survivors (8192K)
 Metaspace       used 21047K, committed 21376K, reserved 1073152K
  class space    used 2723K, committed 2880K, reserved 1048576K
}
Event: 8.923 GC heap after
{Heap after GC invocations=4 (full 0):
 garbage-first heap   total 133120K, used 16714K [0x0000000780000000, 0x0000000800000000)
  region size 1024K, 5 young (5120K), 5 survivors (5120K)
 Metaspace       used 21047K, committed 21376K, reserved 1073152K
  class space    used 2723K, committed 2880K, reserved 1048576K
}
Event: 11.851 GC heap before
{Heap before GC invocations=4 (full 0):
 garbage-first heap   total 133120K, used 89418K [0x0000000780000000, 0x0000000800000000)
  region size 1024K, 76 young (77824K), 5 survivors (5120K)
 Metaspace       used 21191K, committed 21504K, reserved 1073152K
  class space    used 2724K, committed 2880K, reserved 1048576K
}
Event: 11.858 GC heap after
{Heap after GC invocations=5 (full 0):
 garbage-first heap   total 133120K, used 17029K [0x0000000780000000, 0x0000000800000000)
  region size 1024K, 6 young (6144K), 6 survivors (6144K)
 Metaspace       used 21191K, committed 21504K, reserved 1073152K
  class space    used 2724K, committed 2880K, reserved 1048576K
}
Event: 12.674 GC heap before
{Heap before GC invocations=5 (full 0):
 garbage-first heap   total 133120K, used 36485K [0x0000000780000000, 0x0000000800000000)
  region size 1024K, 26 young (26624K), 6 survivors (6144K)
 Metaspace       used 21206K, committed 21504K, reserved 1073152K
  class space    used 2724K, committed 2880K, reserved 1048576K
}
Event: 12.681 GC heap after
{Heap after GC invocations=6 (full 0):
 garbage-first heap   total 133120K, used 16714K [0x0000000780000000, 0x0000000800000000)
  region size 1024K, 5 young (5120K), 5 survivors (5120K)
 Metaspace       used 21206K, committed 21504K, reserved 1073152K
  class space    used 2724K, committed 2880K, reserved 1048576K
}

