# JRE version: OpenJDK Runtime Environment Corretto-17.0.5.8.1 (17.0.5+8) (build 17.0.5+8-LTS)
# Java VM: OpenJDK 64-Bit Server VM Corretto-17.0.5.8.1 (17.0.5+8-LTS, mixed mode, sharing, tiered, compressed oops, compressed class ptrs, g1 gc, bsd-amd64)
GC Precious Log:
 CPUs: 8 total, 8 available
 Memory: 8192M
 Large Page Support: Disabled
 NUMA Support: Disabled
 Compressed Oops: Enabled (Zero based)
 Heap Region Size: 1M
 Heap Min Capacity: 8M
 Heap Initial Capacity: 128M
 Heap Max Capacity: 2G
 Pre-touch: Disabled
 Parallel Workers: 8
 Concurrent Workers: 2
 Concurrent Refinement Workers: 8
 Periodic GC: Disabled
Heap:
 garbage-first heap   total 58368K, used 25782K [0x0000000780000000, 0x0000000800000000)
  region size 1024K, 9 young (9216K), 1 survivors (1024K)
 Metaspace       used 22921K, committed 23232K, reserved 1073152K
  class space    used 2918K, committed 3072K, reserved 1048576K
GC Heap History (20 events):
Event: 35.519 GC heap before
{Heap before GC invocations=9 (full 0):
 garbage-first heap   total 58368K, used 45061K [0x0000000780000000, 0x0000000800000000)
  region size 1024K, 34 young (34816K), 4 survivors (4096K)
 Metaspace       used 21228K, committed 21568K, reserved 1073152K
  class space    used 2729K, committed 2880K, reserved 1048576K
}
Event: 35.524 GC heap after
{Heap after GC invocations=10 (full 0):
 garbage-first heap   total 58368K, used 14501K [0x0000000780000000, 0x0000000800000000)
  region size 1024K, 2 young (2048K), 2 survivors (2048K)
 Metaspace       used 21228K, committed 21568K, reserved 1073152K
  class space    used 2729K, committed 2880K, reserved 1048576K
}
Event: 37.305 GC heap before
{Heap before GC invocations=10 (full 0):
 garbage-first heap   total 58368K, used 47269K [0x0000000780000000, 0x0000000800000000)
  region size 1024K, 34 young (34816K), 2 survivors (2048K)
 Metaspace       used 21238K, committed 21568K, reserved 1073152K
  class space    used 2729K, committed 2880K, reserved 1048576K
}
Event: 37.307 GC heap after
{Heap after GC invocations=11 (full 0):
 garbage-first heap   total 58368K, used 14347K [0x0000000780000000, 0x0000000800000000)
  region size 1024K, 2 young (2048K), 2 survivors (2048K)
 Metaspace       used 21238K, committed 21568K, reserved 1073152K
  class space    used 2729K, committed 2880K, reserved 1048576K
}
Event: 39.067 GC heap before
{Heap before GC invocations=11 (full 0):
 garbage-first heap   total 58368K, used 47115K [0x0000000780000000, 0x0000000800000000)
  region size 1024K, 34 young (34816K), 2 survivors (2048K)
 Metaspace       used 21244K, committed 21568K, reserved 1073152K
  class space    used 2729K, committed 2880K, reserved 1048576K
}
Event: 39.070 GC heap after
{Heap after GC invocations=12 (full 0):
 garbage-first heap   total 58368K, used 14289K [0x0000000780000000, 0x0000000800000000)
  region size 1024K, 2 young (2048K), 2 survivors (2048K)
 Metaspace       used 21244K, committed 21568K, reserved 1073152K
  class space    used 2729K, committed 2880K, reserved 1048576K
}
Event: 40.774 GC heap before
{Heap before GC invocations=12 (full 0):
 garbage-first heap   total 58368K, used 49105K [0x0000000780000000, 0x0000000800000000)
  region size 1024K, 34 young (34816K), 2 survivors (2048K)
 Metaspace       used 22257K, committed 22528K, reserved 1073152K
  class space    used 2862K, committed 3008K, reserved 1048576K
}
Event: 40.777 GC heap after
{Heap after GC invocations=13 (full 0):
 garbage-first heap   total 58368K, used 19394K [0x0000000780000000, 0x0000000800000000)
  region size 1024K, 5 young (5120K), 5 survivors (5120K)
 Metaspace       used 22257K, committed 22528K, reserved 1073152K
  class space    used 2862K, committed 3008K, reserved 1048576K
}
Event: 41.880 GC heap before
{Heap before GC invocations=13 (full 0):
 garbage-first heap   total 58368K, used 44994K [0x0000000780000000, 0x0000000800000000)
  region size 1024K, 30 young (30720K), 5 survivors (5120K)
 Metaspace       used 22564K, committed 22912K, reserved 1073152K
  class space    used 2904K, committed 3072K, reserved 1048576K
}
Event: 41.884 GC heap after
{Heap after GC invocations=14 (full 0):
 garbage-first heap   total 58368K, used 19872K [0x0000000780000000, 0x0000000800000000)
  region size 1024K, 1 young (1024K), 1 survivors (1024K)
 Metaspace       used 22564K, committed 22912K, reserved 1073152K
  class space    used 2904K, committed 3072K, reserved 1048576K
}
Event: 42.985 GC heap before
{Heap before GC invocations=14 (full 0):
 garbage-first heap   total 58368K, used 45472K [0x0000000780000000, 0x0000000800000000)
  region size 1024K, 26 young (26624K), 1 survivors (1024K)
 Metaspace       used 22618K, committed 22912K, reserved 1073152K
  class space    used 2904K, committed 3072K, reserved 1048576K
}
Event: 42.986 GC heap after
{Heap after GC invocations=15 (full 0):
 garbage-first heap   total 58368K, used 19668K [0x0000000780000000, 0x0000000800000000)
  region size 1024K, 1 young (1024K), 1 survivors (1024K)
 Metaspace       used 22618K, committed 22912K, reserved 1073152K
  class space    used 2904K, committed 3072K, reserved 1048576K
}
Event: 44.207 GC heap before
{Heap before GC invocations=15 (full 0):
 garbage-first heap   total 58368K, used 45268K [0x0000000780000000, 0x0000000800000000)
  region size 1024K, 26 young (26624K), 1 survivors (1024K)
 Metaspace       used 22678K, committed 23040K, reserved 1073152K
  class space    used 2906K, committed 3072K, reserved 1048576K
}
Event: 44.210 GC heap after
{Heap after GC invocations=16 (full 0):
 garbage-first heap   total 58368K, used 19563K [0x0000000780000000, 0x0000000800000000)
  region size 1024K, 1 young (1024K), 1 survivors (1024K)
 Metaspace       used 22678K, committed 23040K, reserved 1073152K
  class space    used 2906K, committed 3072K, reserved 1048576K
}
Event: 45.641 GC heap before
{Heap before GC invocations=16 (full 0):
 garbage-first heap   total 58368K, used 46187K [0x0000000780000000, 0x0000000800000000)
  region size 1024K, 27 young (27648K), 1 survivors (1024K)
 Metaspace       used 22713K, committed 23040K, reserved 1073152K
  class space    used 2906K, committed 3072K, reserved 1048576K
}
Event: 45.643 GC heap after
{Heap after GC invocations=17 (full 0):
 garbage-first heap   total 58368K, used 19555K [0x0000000780000000, 0x0000000800000000)
  region size 1024K, 1 young (1024K), 1 survivors (1024K)
 Metaspace       used 22713K, committed 23040K, reserved 1073152K
  class space    used 2906K, committed 3072K, reserved 1048576K
}
Event: 46.794 GC heap before
{Heap before GC invocations=17 (full 0):
 garbage-first heap   total 58368K, used 46179K [0x0000000780000000, 0x0000000800000000)
  region size 1024K, 27 young (27648K), 1 survivors (1024K)
 Metaspace       used 22800K, committed 23104K, reserved 1073152K
  class space    used 2906K, committed 3072K, reserved 1048576K
}
Event: 46.796 GC heap after
{Heap after GC invocations=18 (full 0):
 garbage-first heap   total 58368K, used 19565K [0x0000000780000000, 0x0000000800000000)
  region size 1024K, 1 young (1024K), 1 survivors (1024K)
 Metaspace       used 22800K, committed 23104K, reserved 1073152K
  class space    used 2906K, committed 3072K, reserved 1048576K
}
Event: 48.273 GC heap before
{Heap before GC invocations=18 (full 0):
 garbage-first heap   total 58368K, used 47213K [0x0000000780000000, 0x0000000800000000)
  region size 1024K, 28 young (28672K), 1 survivors (1024K)
 Metaspace       used 22822K, committed 23104K, reserved 1073152K
  class space    used 2906K, committed 3072K, reserved 1048576K
}
Event: 48.274 GC heap after
{Heap after GC invocations=19 (full 0):
 garbage-first heap   total 58368K, used 19638K [0x0000000780000000, 0x0000000800000000)
  region size 1024K, 1 young (1024K), 1 survivors (1024K)
 Metaspace       used 22822K, committed 23104K, reserved 1073152K
  class space    used 2906K, committed 3072K, reserved 1048576K
}

